\BOOKMARK [0][-]{chapter*.1}{\376\377\000D\000e\000d\000i\000c\000a\000t\000i\000o\000n}{}% 1
\BOOKMARK [0][-]{chapter*.2}{\376\377\000A\000c\000k\000n\000o\000w\000l\000e\000d\000g\000e\000m\000e\000n\000t\000s}{}% 2
\BOOKMARK [0][-]{chapter*.3}{\376\377\000A\000b\000s\000t\000r\000a\000c\000t}{}% 3
\BOOKMARK [0][-]{chapter*.4}{\376\377\000L\000i\000s\000t\000\040\000o\000f\000\040\000A\000b\000b\000r\000e\000v\000i\000a\000t\000i\000o\000n\000s}{}% 4
\BOOKMARK [0][-]{chapter*.6}{\376\377\000G\000e\000n\000e\000r\000a\000l\000\040\000I\000n\000t\000r\000o\000d\000u\000c\000t\000i\000o\000n}{}% 5
\BOOKMARK [0][-]{chapter.1}{\376\377\000P\000r\000o\000j\000e\000c\000t\000\040\000F\000r\000a\000m\000e\000w\000o\000r\000k}{}% 6
\BOOKMARK [1][-]{section.1.1}{\376\377\000I\000n\000t\000r\000o\000d\000u\000c\000t\000i\000o\000n}{chapter.1}% 7
\BOOKMARK [1][-]{section.1.2}{\376\377\000H\000o\000s\000t\000\040\000C\000o\000m\000p\000a\000n\000y\000:\000\040\000C\000o\000n\000n\000e\000x\000a\000n\000t}{chapter.1}% 8
\BOOKMARK [1][-]{section.1.3}{\376\377\000P\000r\000o\000b\000l\000e\000m\000\040\000S\000t\000a\000t\000e\000m\000e\000n\000t}{chapter.1}% 9
\BOOKMARK [1][-]{section.1.4}{\376\377\000E\000x\000i\000s\000t\000i\000n\000g\000\040\000S\000i\000t\000u\000a\000t\000i\000o\000n}{chapter.1}% 10
\BOOKMARK [1][-]{section.1.5}{\376\377\000C\000o\000m\000p\000a\000r\000a\000t\000i\000v\000e\000\040\000S\000t\000u\000d\000y}{chapter.1}% 11
\BOOKMARK [1][-]{section.1.6}{\376\377\000N\000e\000e\000d\000s\000\040\000A\000n\000a\000l\000y\000s\000i\000s\000:\000\040\000E\000P\000I\000C\000s\000\040\000a\000n\000d\000\040\000U\000s\000e\000r\000\040\000S\000t\000o\000r\000i\000e\000s}{chapter.1}% 12
\BOOKMARK [1][-]{section.1.7}{\376\377\000P\000r\000o\000p\000o\000s\000e\000d\000\040\000S\000o\000l\000u\000t\000i\000o\000n}{chapter.1}% 13
\BOOKMARK [1][-]{section.1.8}{\376\377\000A\000d\000o\000p\000t\000e\000d\000\040\000M\000e\000t\000h\000o\000d\000o\000l\000o\000g\000y\000:\000\040\000S\000c\000r\000u\000m}{chapter.1}% 14
\BOOKMARK [1][-]{section.1.9}{\376\377\000C\000o\000n\000c\000l\000u\000s\000i\000o\000n}{chapter.1}% 15
\BOOKMARK [0][-]{chapter.2}{\376\377\000T\000e\000c\000h\000n\000i\000c\000a\000l\000\040\000S\000t\000u\000d\000y}{}% 16
\BOOKMARK [1][-]{section.2.1}{\376\377\000E\000n\000v\000i\000r\000o\000n\000m\000e\000n\000t}{chapter.2}% 17
\BOOKMARK [1][-]{section.2.2}{\376\377\000W\000o\000r\000k\000f\000l\000o\000w\000\040\000S\000t\000u\000d\000y\000\040\000a\000n\000d\000\040\000C\000o\000n\000c\000e\000p\000t\000u\000a\000l\000\040\000D\000e\000s\000i\000g\000n}{chapter.2}% 18
\BOOKMARK [0][-]{chapter.3}{\376\377\000B\000u\000s\000i\000n\000e\000s\000s\000\040\000W\000o\000r\000k\000f\000l\000o\000w\000s\000\040\000o\000f\000\040\000t\000h\000e\000\040\000P\000l\000a\000t\000f\000o\000r\000m}{}% 19
\BOOKMARK [1][-]{section.3.1}{\376\377\000I\000n\000t\000r\000o\000d\000u\000c\000t\000i\000o\000n}{chapter.3}% 20
\BOOKMARK [1][-]{section.3.2}{\376\377\000L\000e\000a\000d\000\040\000C\000a\000p\000t\000u\000r\000e\000\040\000W\000o\000r\000k\000f\000l\000o\000w}{chapter.3}% 21
\BOOKMARK [1][-]{section.3.3}{\376\377\000C\000R\000M\000\040\000A\000n\000a\000l\000y\000t\000i\000c\000s\000\040\000S\000u\000m\000m\000a\000r\000y\000\040\000W\000o\000r\000k\000f\000l\000o\000w}{chapter.3}% 22
\BOOKMARK [1][-]{section.3.4}{\376\377\000S\000m\000a\000r\000t\000\040\000F\000o\000l\000l\000o\000w\000-\000U\000p\000\040\000W\000o\000r\000k\000f\000l\000o\000w}{chapter.3}% 23
\BOOKMARK [1][-]{section.3.5}{\376\377\000A\000I\000\040\000A\000s\000s\000i\000s\000t\000a\000n\000t\000\040\000W\000o\000r\000k\000f\000l\000o\000w}{chapter.3}% 24
\BOOKMARK [1][-]{section.3.6}{\376\377\000C\000R\000M\000\040\000L\000i\000s\000t\000\040\000L\000e\000a\000d\000s\000\040\000W\000o\000r\000k\000f\000l\000o\000w}{chapter.3}% 25
\BOOKMARK [1][-]{section.3.7}{\376\377\000I\000n\000t\000e\000r\000n\000a\000l\000\040\000C\000h\000a\000t\000\040\000W\000o\000r\000k\000f\000l\000o\000w}{chapter.3}% 26
\BOOKMARK [1][-]{section.3.8}{\376\377\000W\000o\000r\000k\000f\000l\000o\000w\000\040\000O\000v\000e\000r\000v\000i\000e\000w}{chapter.3}% 27
\BOOKMARK [1][-]{section.3.9}{\376\377\000C\000o\000n\000c\000l\000u\000s\000i\000o\000n}{chapter.3}% 28
\BOOKMARK [0][-]{chapter.4}{\376\377\000S\000y\000s\000t\000e\000m\000\040\000A\000r\000c\000h\000i\000t\000e\000c\000t\000u\000r\000e\000\040\000a\000n\000d\000\040\000T\000e\000c\000h\000n\000o\000l\000o\000g\000i\000e\000s}{}% 29
\BOOKMARK [1][-]{section.4.1}{\376\377\000I\000n\000t\000r\000o\000d\000u\000c\000t\000i\000o\000n}{chapter.4}% 30
\BOOKMARK [1][-]{section.4.2}{\376\377\000D\000e\000v\000e\000l\000o\000p\000m\000e\000n\000t\000\040\000E\000n\000v\000i\000r\000o\000n\000m\000e\000n\000t}{chapter.4}% 31
\BOOKMARK [1][-]{section.4.3}{\376\377\000F\000r\000o\000n\000t\000-\000E\000n\000d\000\040\000T\000e\000c\000h\000n\000o\000l\000o\000g\000i\000e\000s}{chapter.4}% 32
\BOOKMARK [1][-]{section.4.4}{\376\377\000B\000a\000c\000k\000e\000n\000d\000\040\000T\000e\000c\000h\000n\000o\000l\000o\000g\000i\000e\000s}{chapter.4}% 33
\BOOKMARK [1][-]{section.4.5}{\376\377\000D\000a\000t\000a\000b\000a\000s\000e\000\040\000a\000n\000d\000\040\000P\000e\000r\000s\000i\000s\000t\000e\000n\000c\000e}{chapter.4}% 34
\BOOKMARK [1][-]{section.4.6}{\376\377\000A\000u\000t\000o\000m\000a\000t\000i\000o\000n\000\040\000a\000n\000d\000\040\000C\000R\000M\000\040\000T\000o\000o\000l\000s}{chapter.4}% 35
\BOOKMARK [1][-]{section.4.7}{\376\377\000A\000I\000\040\000M\000o\000d\000e\000l\000s}{chapter.4}% 36
\BOOKMARK [1][-]{section.4.8}{\376\377\000G\000l\000o\000b\000a\000l\000\040\000A\000r\000c\000h\000i\000t\000e\000c\000t\000u\000r\000e}{chapter.4}% 37
\BOOKMARK [1][-]{section.4.9}{\376\377\000C\000o\000n\000c\000l\000u\000s\000i\000o\000n}{chapter.4}% 38
\BOOKMARK [0][-]{chapter.5}{\376\377\000S\000p\000r\000i\000n\000t\000\040\0001\000:\000\040\000P\000l\000a\000t\000f\000o\000r\000m\000\040\000F\000o\000u\000n\000d\000a\000t\000i\000o\000n\000\040\000a\000n\000d\000\040\000U\000s\000e\000r\000\040\000I\000n\000t\000e\000r\000f\000a\000c\000e}{}% 39
\BOOKMARK [1][-]{section.5.1}{\376\377\000I\000n\000t\000r\000o\000d\000u\000c\000t\000i\000o\000n}{chapter.5}% 40
\BOOKMARK [1][-]{section.5.2}{\376\377\000O\000b\000j\000e\000c\000t\000i\000v\000e\000s\000\040\000a\000n\000d\000\040\000T\000a\000s\000k\000\040\000I\000d\000e\000n\000t\000i\000f\000i\000c\000a\000t\000i\000o\000n}{chapter.5}% 41
\BOOKMARK [1][-]{section.5.3}{\376\377\000F\000u\000n\000c\000t\000i\000o\000n\000a\000l\000\040\000A\000n\000a\000l\000y\000s\000i\000s}{chapter.5}% 42
\BOOKMARK [1][-]{section.5.4}{\376\377\000C\000o\000n\000c\000e\000p\000t\000u\000a\000l\000\040\000M\000o\000d\000e\000l\000i\000n\000g}{chapter.5}% 43
\BOOKMARK [1][-]{section.5.5}{\376\377\000R\000e\000a\000l\000i\000z\000a\000t\000i\000o\000n}{chapter.5}% 44
\BOOKMARK [1][-]{section.5.6}{\376\377\000C\000o\000n\000c\000l\000u\000s\000i\000o\000n}{chapter.5}% 45
\BOOKMARK [0][-]{chapter.6}{\376\377\000S\000p\000r\000i\000n\000t\000\040\0002\000:\000\040\000L\000e\000a\000d\000\040\000C\000a\000p\000t\000u\000r\000e\000\040\000a\000n\000d\000\040\000D\000u\000p\000l\000i\000c\000a\000t\000e\000\040\000D\000e\000t\000e\000c\000t\000i\000o\000n}{}% 46
\BOOKMARK [1][-]{section.6.1}{\376\377\000I\000n\000t\000r\000o\000d\000u\000c\000t\000i\000o\000n}{chapter.6}% 47
\BOOKMARK [1][-]{section.6.2}{\376\377\000O\000b\000j\000e\000c\000t\000i\000v\000e\000s\000\040\000a\000n\000d\000\040\000T\000a\000s\000k\000\040\000I\000d\000e\000n\000t\000i\000f\000i\000c\000a\000t\000i\000o\000n}{chapter.6}% 48
\BOOKMARK [1][-]{section.6.3}{\376\377\000F\000u\000n\000c\000t\000i\000o\000n\000a\000l\000\040\000A\000n\000a\000l\000y\000s\000i\000s}{chapter.6}% 49
\BOOKMARK [1][-]{section.6.4}{\376\377\000C\000o\000n\000c\000e\000p\000t\000u\000a\000l\000\040\000M\000o\000d\000e\000l\000i\000n\000g}{chapter.6}% 50
\BOOKMARK [1][-]{section.6.5}{\376\377\000R\000e\000a\000l\000i\000z\000a\000t\000i\000o\000n}{chapter.6}% 51
\BOOKMARK [1][-]{section.6.6}{\376\377\000C\000o\000n\000c\000l\000u\000s\000i\000o\000n}{chapter.6}% 52
\BOOKMARK [0][-]{chapter.7}{\376\377\000S\000p\000r\000i\000n\000t\000\040\0003\000:\000\040\000A\000n\000a\000l\000y\000t\000i\000c\000s\000\040\000a\000n\000d\000\040\000S\000m\000a\000r\000t\000\040\000F\000o\000l\000l\000o\000w\000-\000U\000p}{}% 53
\BOOKMARK [1][-]{section.7.1}{\376\377\000I\000n\000t\000r\000o\000d\000u\000c\000t\000i\000o\000n}{chapter.7}% 54
\BOOKMARK [1][-]{section.7.2}{\376\377\000O\000b\000j\000e\000c\000t\000i\000v\000e\000s\000\040\000a\000n\000d\000\040\000T\000a\000s\000k\000\040\000I\000d\000e\000n\000t\000i\000f\000i\000c\000a\000t\000i\000o\000n}{chapter.7}% 55
\BOOKMARK [1][-]{section.7.3}{\376\377\000F\000u\000n\000c\000t\000i\000o\000n\000a\000l\000\040\000A\000n\000a\000l\000y\000s\000i\000s}{chapter.7}% 56
\BOOKMARK [1][-]{section.7.4}{\376\377\000C\000o\000n\000c\000e\000p\000t\000u\000a\000l\000\040\000M\000o\000d\000e\000l\000i\000n\000g}{chapter.7}% 57
\BOOKMARK [1][-]{section.7.5}{\376\377\000R\000e\000a\000l\000i\000z\000a\000t\000i\000o\000n}{chapter.7}% 58
\BOOKMARK [1][-]{section.7.6}{\376\377\000C\000o\000n\000c\000l\000u\000s\000i\000o\000n}{chapter.7}% 59
\BOOKMARK [0][-]{chapter.8}{\376\377\000S\000p\000r\000i\000n\000t\000\040\0004\000:\000\040\000C\000R\000M\000\040\000A\000s\000s\000i\000s\000t\000a\000n\000t\000\040\000a\000n\000d\000\040\000L\000i\000v\000e\000\040\000I\000n\000t\000e\000g\000r\000a\000t\000i\000o\000n}{}% 60
\BOOKMARK [1][-]{section.8.1}{\376\377\000I\000n\000t\000r\000o\000d\000u\000c\000t\000i\000o\000n}{chapter.8}% 61
\BOOKMARK [1][-]{section.8.2}{\376\377\000O\000b\000j\000e\000c\000t\000i\000v\000e\000s\000\040\000a\000n\000d\000\040\000T\000a\000s\000k\000\040\000I\000d\000e\000n\000t\000i\000f\000i\000c\000a\000t\000i\000o\000n}{chapter.8}% 62
\BOOKMARK [1][-]{section.8.3}{\376\377\000F\000u\000n\000c\000t\000i\000o\000n\000a\000l\000\040\000A\000n\000a\000l\000y\000s\000i\000s}{chapter.8}% 63
\BOOKMARK [1][-]{section.8.4}{\376\377\000C\000o\000n\000c\000e\000p\000t\000u\000a\000l\000\040\000M\000o\000d\000e\000l\000i\000n\000g}{chapter.8}% 64
\BOOKMARK [1][-]{section.8.5}{\376\377\000R\000e\000a\000l\000i\000z\000a\000t\000i\000o\000n}{chapter.8}% 65
\BOOKMARK [1][-]{section.8.6}{\376\377\000C\000o\000n\000c\000l\000u\000s\000i\000o\000n}{chapter.8}% 66
\BOOKMARK [0][-]{chapter.9}{\376\377\000T\000e\000s\000t\000i\000n\000g\000,\000\040\000D\000e\000p\000l\000o\000y\000m\000e\000n\000t\000,\000\040\000a\000n\000d\000\040\000V\000a\000l\000i\000d\000a\000t\000i\000o\000n}{}% 67
\BOOKMARK [1][-]{section.9.1}{\376\377\000I\000n\000t\000r\000o\000d\000u\000c\000t\000i\000o\000n}{chapter.9}% 68
\BOOKMARK [1][-]{section.9.2}{\376\377\000T\000e\000s\000t\000i\000n\000g\000\040\000S\000t\000r\000a\000t\000e\000g\000y}{chapter.9}% 69
\BOOKMARK [1][-]{section.9.3}{\376\377\000F\000u\000n\000c\000t\000i\000o\000n\000a\000l\000\040\000T\000e\000s\000t\000s}{chapter.9}% 70
\BOOKMARK [1][-]{section.9.4}{\376\377\000I\000n\000t\000e\000g\000r\000a\000t\000i\000o\000n\000\040\000T\000e\000s\000t\000s}{chapter.9}% 71
\BOOKMARK [1][-]{section.9.5}{\376\377\000S\000e\000c\000u\000r\000i\000t\000y\000\040\000a\000n\000d\000\040\000R\000e\000l\000i\000a\000b\000i\000l\000i\000t\000y\000\040\000T\000e\000s\000t\000s}{chapter.9}% 72
\BOOKMARK [1][-]{section.9.6}{\376\377\000D\000e\000p\000l\000o\000y\000m\000e\000n\000t\000\040\000P\000r\000o\000c\000e\000d\000u\000r\000e}{chapter.9}% 73
\BOOKMARK [1][-]{section.9.7}{\376\377\000L\000i\000m\000i\000t\000a\000t\000i\000o\000n\000s}{chapter.9}% 74
\BOOKMARK [1][-]{section.9.8}{\376\377\000F\000u\000t\000u\000r\000e\000\040\000I\000m\000p\000r\000o\000v\000e\000m\000e\000n\000t\000s}{chapter.9}% 75
\BOOKMARK [1][-]{section.9.9}{\376\377\000C\000o\000n\000c\000l\000u\000s\000i\000o\000n}{chapter.9}% 76
\BOOKMARK [0][-]{chapter*.90}{\376\377\000G\000e\000n\000e\000r\000a\000l\000\040\000C\000o\000n\000c\000l\000u\000s\000i\000o\000n}{}% 77
\BOOKMARK [0][-]{appendix.A}{\376\377\000A\000d\000d\000i\000t\000i\000o\000n\000a\000l\000\040\000I\000n\000t\000e\000r\000f\000a\000c\000e\000\040\000S\000c\000r\000e\000e\000n\000s\000h\000o\000t\000s}{}% 78
\BOOKMARK [0][-]{appendix.B}{\376\377\000U\000s\000e\000r\000\040\000G\000u\000i\000d\000e}{}% 79
\BOOKMARK [1][-]{section.B.1}{\376\377\000S\000t\000a\000r\000t\000i\000n\000g\000\040\000t\000h\000e\000\040\000A\000p\000p\000l\000i\000c\000a\000t\000i\000o\000n}{appendix.B}% 80
\BOOKMARK [1][-]{section.B.2}{\376\377\000M\000a\000i\000n\000\040\000P\000a\000g\000e\000s\000\040\000o\000f\000\040\000t\000h\000e\000\040\000P\000l\000a\000t\000f\000o\000r\000m}{appendix.B}% 81
\BOOKMARK [1][-]{section.B.3}{\376\377\000C\000o\000m\000m\000o\000n\000\040\000Q\000u\000e\000s\000t\000i\000o\000n\000s}{appendix.B}% 82
\BOOKMARK [0][-]{appendix.C}{\376\377\000E\000x\000t\000e\000n\000d\000e\000d\000\040\000T\000e\000s\000t\000\040\000R\000e\000g\000i\000s\000t\000e\000r}{}% 83
\BOOKMARK [0][-]{appendix*.95}{\376\377\000B\000i\000b\000l\000i\000o\000g\000r\000a\000p\000h\000y}{}% 84
\BOOKMARK [0][-]{appendix*.96}{\376\377\000W\000e\000b\000o\000g\000r\000a\000p\000h\000y}{}% 85
